<?xml version="1.0" encoding="UTF-8"?>
<!-- Generated by org.testng.reporters.JUnitReportReporter -->
<testsuite hostname="LAPTOP-HV2OE79F" failures="0" tests="4" name="pages.testngpriorities" time="80.753" errors="0" timestamp="2020-04-12T02:22:25 IST" skipped="0">
  <testcase classname="pages.testngpriorities" name="registerpage" time="25.661"/>
  <testcase classname="pages.testngpriorities" name="loginpage" time="7.366"/>
  <testcase classname="pages.testngpriorities" name="OpenBrowser" time="21.071"/>
  <testcase classname="pages.testngpriorities" name="productsearch" time="26.655"/>
</testsuite> <!-- pages.testngpriorities -->
