<?xml version="1.0" encoding="UTF-8"?>
<!-- Generated by org.testng.reporters.JUnitReportReporter -->
<testsuite hostname="LAPTOP-HV2OE79F" failures="0" tests="1" name="testdefinition.Productsearch_tc" time="38.196" errors="0" timestamp="2020-04-12T01:18:18 IST" skipped="0">
  <testcase classname="testdefinition.Productsearch_tc" name="enter_the_product_to_be_searched" time="38.196"/>
</testsuite> <!-- testdefinition.Productsearch_tc -->
