<?xml version="1.0" encoding="UTF-8"?>
<!-- Generated by org.testng.reporters.JUnitReportReporter -->
<testsuite hostname="LAPTOP-HV2OE79F" failures="0" tests="1" name="testdefinition.Loginpage_tc" time="5.629" errors="0" timestamp="2020-04-12T01:18:18 IST" skipped="0">
  <testcase classname="testdefinition.Loginpage_tc" name="the_user_enter_the_valid_username_and_valid_password_and_click_on_the_submit" time="5.629"/>
</testsuite> <!-- testdefinition.Loginpage_tc -->
