<?xml version="1.0" encoding="UTF-8"?>
<!-- Generated by org.testng.reporters.JUnitReportReporter -->
<testsuite hostname="LAPTOP-HV2OE79F" failures="0" tests="1" name="testdefinition.Register_tc" time="14.601" errors="0" timestamp="2020-04-12T01:18:18 IST" skipped="0">
  <testcase classname="testdefinition.Register_tc" name="the_user_enters_the_details_and_click_createaccount" time="14.601"/>
</testsuite> <!-- testdefinition.Register_tc -->
